<?xml version="1.0" encoding="UTF-8"?>
<!-- Generated by org.testng.reporters.JUnitReportReporter -->
<testsuite hostname="cartlowqaakmal-Inspiron-5558" failures="0" tests="1" name="facebook" time="26.125" errors="0" timestamp="30 Nov 2022 06:00:08 GMT" skipped="0">
  <testcase classname="facebook" name="facebook" time="26.125"/>
</testsuite> <!-- facebook -->
