<?xml version="1.0" encoding="UTF-8"?>
<!-- Generated by org.testng.reporters.JUnitReportReporter -->
<testsuite hostname="cartlowqaakmal-Inspiron-5558" failures="0" tests="1" name="cartview" time="17.624" errors="0" timestamp="06 Dec 2022 05:48:45 GMT" skipped="0">
  <testcase classname="cartview" name="login" time="17.624"/>
</testsuite> <!-- cartview -->
