<?xml version="1.0" encoding="UTF-8"?>
<!-- Generated by org.testng.reporters.JUnitReportReporter -->
<testsuite hostname="cartlowqaakmal-Inspiron-5558" failures="0" tests="1" name="cartview" time="5.186" errors="0" timestamp="21 Dec 2022 10:21:32 GMT" skipped="0">
  <testcase classname="cartview" name="login" time="5.186"/>
</testsuite> <!-- cartview -->
